<?xml version="1.0" encoding="UTF-8"?>
<!-- Generated by org.testng.reporters.JUnitReportReporter -->
<testsuite hostname="SoapMcTavish" failures="0" tests="2" name="com.qa.opencart.test.LoginPageTest" time="9.417" errors="0" timestamp="2023-12-13T20:50:37 IST" skipped="0">
  <testcase classname="com.qa.opencart.test.LoginPageTest" name="verifyLoginPageTitleTest" time="3.010"/>
  <testcase classname="com.qa.opencart.test.LoginPageTest" name="verifyLogin" time="6.407"/>
</testsuite> <!-- com.qa.opencart.test.LoginPageTest -->
