<?xml version="1.0" encoding="UTF-8"?>
<!-- Generated by org.testng.reporters.JUnitReportReporter -->
<testsuite hostname="SoapMcTavish" failures="0" tests="3" name="com.qa.opencart.test.MyAccountPageTest" time="28.003" errors="0" timestamp="2023-12-14T19:53:12 IST" skipped="0">
  <testcase classname="com.qa.opencart.test.MyAccountPageTest" name="verifyPageTitleTest" time="8.423"/>
  <testcase classname="com.qa.opencart.test.MyAccountPageTest" name="verifySearchContent" time="11.189"/>
  <testcase classname="com.qa.opencart.test.MyAccountPageTest" name="verifyMyAccountPageLogoTest" time="8.391"/>
</testsuite> <!-- com.qa.opencart.test.MyAccountPageTest -->
