<?xml version="1.0" encoding="UTF-8"?>
<!-- Generated by org.testng.reporters.JUnitReportReporter -->
<testsuite hostname="SoapMcTavish" failures="0" tests="2" name="com.qa.opencart.test.LoginPageTest" time="9.252" errors="0" timestamp="2023-12-14T19:53:12 IST" skipped="0">
  <testcase classname="com.qa.opencart.test.LoginPageTest" name="verifyLoginPageTitleTest" time="2.674"/>
  <testcase classname="com.qa.opencart.test.LoginPageTest" name="verifyLogin" time="6.578"/>
</testsuite> <!-- com.qa.opencart.test.LoginPageTest -->
