<?xml version="1.0" encoding="UTF-8"?>
<!-- Generated by org.testng.reporters.JUnitReportReporter -->
<testsuite hostname="SoapMcTavish" failures="0" tests="6" name="com.qa.opencart.test.RegisterAccountTest" time="51.242" errors="0" timestamp="2023-12-13T20:50:37 IST" skipped="0">
  <testcase classname="com.qa.opencart.test.RegisterAccountTest" name="verifyPageTitle" time="2.077"/>
  <testcase classname="com.qa.opencart.test.RegisterAccountTest" name="accountRegisterWithData" time="9.752"/>
  <testcase classname="com.qa.opencart.test.RegisterAccountTest" name="accountRegisterWithData" time="9.868"/>
  <testcase classname="com.qa.opencart.test.RegisterAccountTest" name="accountRegisterWithData" time="9.756"/>
  <testcase classname="com.qa.opencart.test.RegisterAccountTest" name="accountRegisterWithData" time="9.871"/>
  <testcase classname="com.qa.opencart.test.RegisterAccountTest" name="accountRegister" time="9.918"/>
</testsuite> <!-- com.qa.opencart.test.RegisterAccountTest -->
