<?xml version="1.0" encoding="UTF-8"?>
<!-- Generated by org.testng.reporters.JUnitReportReporter -->
<testsuite hostname="SoapMcTavish" failures="0" tests="6" name="com.qa.opencart.test.RegisterAccountTest" time="51.025" errors="0" timestamp="2023-12-14T19:53:12 IST" skipped="0">
  <testcase classname="com.qa.opencart.test.RegisterAccountTest" name="verifyPageTitle" time="2.244"/>
  <testcase classname="com.qa.opencart.test.RegisterAccountTest" name="accountRegisterWithData" time="9.776"/>
  <testcase classname="com.qa.opencart.test.RegisterAccountTest" name="accountRegisterWithData" time="9.776"/>
  <testcase classname="com.qa.opencart.test.RegisterAccountTest" name="accountRegisterWithData" time="9.762"/>
  <testcase classname="com.qa.opencart.test.RegisterAccountTest" name="accountRegisterWithData" time="9.699"/>
  <testcase classname="com.qa.opencart.test.RegisterAccountTest" name="accountRegister" time="9.768"/>
</testsuite> <!-- com.qa.opencart.test.RegisterAccountTest -->
