<?xml version="1.0" encoding="UTF-8"?>
<!-- Generated by org.testng.reporters.JUnitReportReporter -->
<testsuite hostname="SoapMcTavish" failures="0" tests="3" name="com.qa.opencart.test.SearchPageTest" time="49.729" errors="0" timestamp="2023-12-16T14:03:42 IST" skipped="0">
  <testcase classname="com.qa.opencart.test.SearchPageTest" name="addProductToCompareTest" time="15.463"/>
  <testcase classname="com.qa.opencart.test.SearchPageTest" name="addProductToCompareTest" time="15.576"/>
  <testcase classname="com.qa.opencart.test.SearchPageTest" name="addProductToCompareTest" time="18.690"/>
</testsuite> <!-- com.qa.opencart.test.SearchPageTest -->
